## htsjdk.samtools.metrics.StringHeader
# CollectHsMetrics --BAIT_INTERVALS /data/ucct/bi/research/20260204_TFM_SSANCHEZ_SM_SV_T/REFERENCES/xgen-exome-research-panel-targets.interval_list --TARGET_INTERVALS /data/ucct/bi/research/20260204_TFM_SSANCHEZ_SM_SV_T/REFERENCES/xgen-exome-research-panel-targets.interval_list --INPUT /data/ucct/bi/research/20260204_TFM_SSANCHEZ_SM_SV_T/ANALYSIS/ANALYSIS01_EXOME/20260218_ANALYSIS01_EXOME/01-sarek_ND0693/preprocessing/recalibrated/ND0693/ND0693.recal.cram --OUTPUT /data/ucct/bi/research/20260204_TFM_SSANCHEZ_SM_SV_T/ANALYSIS/ANALYSIS01_EXOME/20260218_ANALYSIS01_EXOME/99-stats/ND0693_hsMetrics.out --VALIDATION_STRINGENCY LENIENT --REFERENCE_SEQUENCE /data/ucct/bi/references/eukaria/homo_sapiens/hg19/1000genomes_b37/genome/human_g1k_v37_decoy.fasta --METRIC_ACCUMULATION_LEVEL ALL_READS --NEAR_DISTANCE 250 --MINIMUM_MAPPING_QUALITY 20 --MINIMUM_BASE_QUALITY 20 --CLIP_OVERLAPPING_READS true --INCLUDE_INDELS false --COVERAGE_CAP 200 --SAMPLE_SIZE 10000 --ALLELE_FRACTION 0.001 --ALLELE_FRACTION 0.005 --ALLELE_FRACTION 0.01 --ALLELE_FRACTION 0.02 --ALLELE_FRACTION 0.05 --ALLELE_FRACTION 0.1 --ALLELE_FRACTION 0.2 --ALLELE_FRACTION 0.3 --ALLELE_FRACTION 0.5 --VERBOSITY INFO --QUIET false --COMPRESSION_LEVEL 5 --MAX_RECORDS_IN_RAM 500000 --CREATE_INDEX false --CREATE_MD5_FILE false --GA4GH_CLIENT_SECRETS client_secrets.json --help false --version false --showHidden false --USE_JDK_DEFLATER false --USE_JDK_INFLATER false
## htsjdk.samtools.metrics.StringHeader
# Started on: Fri Feb 20 11:31:13 GMT 2026

## METRICS CLASS	picard.analysis.directed.HsMetrics
BAIT_SET	BAIT_TERRITORY	BAIT_DESIGN_EFFICIENCY	ON_BAIT_BASES	NEAR_BAIT_BASES	OFF_BAIT_BASES	PCT_SELECTED_BASES	PCT_OFF_BAIT	ON_BAIT_VS_SELECTED	MEAN_BAIT_COVERAGE	PCT_USABLE_BASES_ON_BAIT	PCT_USABLE_BASES_ON_TARGET	FOLD_ENRICHMENT	HS_LIBRARY_SIZE	HS_PENALTY_10X	HS_PENALTY_20X	HS_PENALTY_30X	HS_PENALTY_40X	HS_PENALTY_50X	HS_PENALTY_100X	TARGET_TERRITORY	GENOME_SIZE	TOTAL_READS	PF_READS	PF_BASES	PF_UNIQUE_READS	PF_UQ_READS_ALIGNED	PF_BASES_ALIGNED	PF_UQ_BASES_ALIGNED	ON_TARGET_BASES	PCT_PF_READS	PCT_PF_UQ_READS	PCT_PF_UQ_READS_ALIGNED	MEAN_TARGET_COVERAGE	MEDIAN_TARGET_COVERAGE	MAX_TARGET_COVERAGE	MIN_TARGET_COVERAGE	ZERO_CVG_TARGETS_PCT	PCT_EXC_DUPE	PCT_EXC_ADAPTER	PCT_EXC_MAPQ	PCT_EXC_BASEQ	PCT_EXC_OVERLAP	PCT_EXC_OFF_TARGET	FOLD_80_BASE_PENALTY	PCT_TARGET_BASES_1X	PCT_TARGET_BASES_2X	PCT_TARGET_BASES_10X	PCT_TARGET_BASES_20X	PCT_TARGET_BASES_30X	PCT_TARGET_BASES_40X	PCT_TARGET_BASES_50X	PCT_TARGET_BASES_100X	PCT_TARGET_BASES_250X	PCT_TARGET_BASES_500X	PCT_TARGET_BASES_1000X	PCT_TARGET_BASES_2500X	PCT_TARGET_BASES_5000X	PCT_TARGET_BASES_10000X	PCT_TARGET_BASES_25000X	PCT_TARGET_BASES_50000X	PCT_TARGET_BASES_100000X	AT_DROPOUT	GC_DROPOUT	HET_SNP_SENSITIVITY	HET_SNP_Q	SAMPLE	LIBRARY	READ_GROUP
xgen-exome-research-panel-targets	38874504	1	4486328135	1807618470	0	1	0	0.7128	115.405412	0.708684	0.567124	57.52817	161950317	3.183803	3.246728	3.314898	3.388311	3.460675	3.913738	38874504	3137454505	62678313	62678313	6330509613	56882727	56670137	6293946605	5710651723	3590182340	1	0.907534	0.996263	92.353136	89	1496	0	0.024146	0.092676	0	0.023751	0.023849	0.053088	0.236219	1.96496	0.930287	0.91394	0.894442	0.877769	0.857175	0.829251	0.789345	0.411249	0.016601	0.00257	0.000032	0	0	0	0	0	0	1.999756	1.587732	0.914001	11			

## HISTOGRAM	java.lang.Integer
coverage_or_base_quality	high_quality_coverage_count	unfiltered_baseq_count
0	2710067	0
1	635492	0
2	203094	0
3	114209	0
4	89788	0
5	78425	0
6	72108	9473
7	68976	42876
8	66509	245977
9	64846	1981193
10	63348	2029112
11	62747	13807534
12	63048	9140090
13	63645	10928810
14	63241	15755486
15	64257	12205591
16	64638	18120613
17	66617	8148935
18	67838	7953091
19	68780	3632742
20	70906	2324695
21	72547	2869950
22	74206	3733411
23	76395	5882081
24	78338	4772370
25	80835	7736546
26	83455	9843699
27	85971	11114900
28	88254	19765183
29	89681	28008826
30	92749	40253081
31	95218	380886597
32	99223	66581491
33	102197	437229307
34	105896	652485239
35	109236	254300422
36	114062	249416910
37	117537	44788327
38	122646	768305087
39	126770	228634059
40	131393	233407643
41	136637	0
42	141703	0
43	146113	0
44	151679	0
45	157146	0
46	161925	0
47	168516	0
48	175013	0
49	181182	0
50	189440	0
51	195938	0
52	202485	0
53	208386	0
54	216369	0
55	222548	0
56	227192	0
57	232731	0
58	239379	0
59	246313	0
60	251763	0
61	257521	0
62	263125	0
63	267904	0
64	273663	0
65	277855	0
66	282529	0
67	287257	0
68	292448	0
69	296749	0
70	300773	0
71	305303	0
72	309146	0
73	311871	0
74	315475	0
75	318114	0
76	321585	0
77	324123	0
78	326179	0
79	328069	0
80	329080	0
81	331056	0
82	331857	0
83	333424	0
84	335134	0
85	335219	0
86	334706	0
87	334332	0
88	334514	0
89	334565	0
90	332175	0
91	332184	0
92	332264	0
93	330689	0
94	328302	0
95	327318	0
96	325927	0
97	323270	0
98	321348	0
99	318694	0
100	315697	0
101	313614	0
102	311708	0
103	310092	0
104	305958	0
105	303427	0
106	299930	0
107	296655	0
108	293370	0
109	290659	0
110	286793	0
111	282752	0
112	278929	0
113	275599	0
114	270219	0
115	266578	0
116	261341	0
117	258210	0
118	253661	0
119	250308	0
120	246118	0
121	241325	0
122	238168	0
123	232755	0
124	228089	0
125	224019	0
126	220728	0
127	216111	0
128	212496	0
129	207152	0
130	203720	0
131	198563	0
132	193421	0
133	190020	0
134	185936	0
135	181273	0
136	177772	0
137	172926	0
138	169253	0
139	165626	0
140	162233	0
141	158740	0
142	154524	0
143	151798	0
144	148585	0
145	145188	0
146	141435	0
147	137845	0
148	133885	0
149	130778	0
150	127266	0
151	123841	0
152	120070	0
153	117742	0
154	114025	0
155	110950	0
156	107638	0
157	104415	0
158	102561	0
159	98945	0
160	96518	0
161	93195	0
162	90898	0
163	88034	0
164	85292	0
165	83410	0
166	81231	0
167	78399	0
168	75905	0
169	74159	0
170	71695	0
171	69206	0
172	67096	0
173	65468	0
174	63280	0
175	61409	0
176	59285	0
177	57446	0
178	55379	0
179	53580	0
180	51575	0
181	50537	0
182	48415	0
183	47601	0
184	45899	0
185	44379	0
186	42699	0
187	41069	0
188	39558	0
189	38174	0
190	37255	0
191	35694	0
192	34980	0
193	33784	0
194	32408	0
195	31918	0
196	30256	0
197	29149	0
198	28151	0
199	27157	0
200	1322133	0

